<?xml version="1.0" encoding="utf-8"?><testsuites name="pytest tests"><testsuite name="pytest" errors="0" failures="0" skipped="0" tests="8" time="0.997" timestamp="2026-06-12T11:12:49.945785+00:00" hostname="agent-env-9069389d-b6c3-445e-98b7-acb0ca4ecd8f"><testcase classname="backend.tests.test_portfolio_api.TestHealth" name="test_root" time="0.169" /><testcase classname="backend.tests.test_portfolio_api.TestContact" name="test_create_contact_and_persist" time="0.131" /><testcase classname="backend.tests.test_portfolio_api.TestContact" name="test_create_contact_invalid_email" time="0.043" /><testcase classname="backend.tests.test_portfolio_api.TestContact" name="test_create_contact_missing_fields" time="0.082" /><testcase classname="backend.tests.test_portfolio_api.TestContact" name="test_create_contact_empty_message" time="0.082" /><testcase classname="backend.tests.test_portfolio_api.TestVisitor" name="test_visitor_register_increments" time="0.087" /><testcase classname="backend.tests.test_portfolio_api.TestVisitor" name="test_visitor_get_stats" time="0.085" /><testcase classname="backend.tests.test_portfolio_api.TestVisitor" name="test_visitor_calendar" time="0.128" /></testsuite></testsuites>